<?xml version="1.0" encoding="UTF-8"?>
<testng-results ignored="0" total="2" passed="2" failed="0" skipped="0">
  <reporter-output>
    <line>
      <![CDATA[Hii]]>
    </line>
    <line>
      <![CDATA[Hello]]>
    </line>
  </reporter-output>
  <suite started-at="2023-01-09T15:47:47 IST" name="Default suite" finished-at="2023-01-09T15:47:47 IST" duration-ms="36">
    <groups>
    </groups>
    <test started-at="2023-01-09T15:47:47 IST" name="Default test" finished-at="2023-01-09T15:47:47 IST" duration-ms="36">
      <class name="Demo.Test2">
        <test-method signature="m2()[pri:0, instance:Demo.Test2@44821a96]" started-at="2023-01-09T15:47:47 IST" name="m2" finished-at="2023-01-09T15:47:47 IST" duration-ms="7" status="PASS">
          <reporter-output>
            <line>
              <![CDATA[Hii]]>
            </line>
          </reporter-output>
        </test-method> <!-- m2 -->
      </class> <!-- Demo.Test2 -->
      <class name="Demo.Test1">
        <test-method signature="m1()[pri:0, instance:Demo.Test1@a3d8174]" started-at="2023-01-09T15:47:47 IST" name="m1" finished-at="2023-01-09T15:47:47 IST" duration-ms="1" status="PASS">
          <reporter-output>
            <line>
              <![CDATA[Hello]]>
            </line>
          </reporter-output>
        </test-method> <!-- m1 -->
      </class> <!-- Demo.Test1 -->
    </test> <!-- Default test -->
  </suite> <!-- Default suite -->
</testng-results>
